<?xml version="1.0" encoding="UTF-8"?>
<!-- Generated by org.testng.reporters.JUnitReportReporter -->
<testsuite skipped="0" hostname="user-PC" name="TestNGAnnotation.Testing" tests="4" failures="0" timestamp="24 Mar 2019 10:23:46 GMT" time="0.035" errors="0">
  <testcase name="atest2" time="0.019" classname="TestNGAnnotation.Testing"/>
  <testcase name="test1" time="0.012" classname="TestNGAnnotation.Testing"/>
  <testcase name="test3" time="0.002" classname="TestNGAnnotation.Testing"/>
  <testcase name="test4" time="0.002" classname="TestNGAnnotation.Testing"/>
</testsuite> <!-- TestNGAnnotation.Testing -->
