<?xml version="1.0" encoding="UTF-8"?>
<!-- Generated by org.testng.reporters.JUnitReportReporter -->
<testsuite skipped="0" hostname="user-PC" name="TestNGAnnotation.Module3" tests="4" failures="0" timestamp="24 Mar 2019 11:16:19 GMT" time="0.033" errors="0">
  <testcase name="test2" time="0.026" classname="TestNGAnnotation.Module3"/>
  <testcase name="test1" time="0.003" classname="TestNGAnnotation.Module3"/>
  <testcase name="test4" time="0.002" classname="TestNGAnnotation.Module3"/>
  <testcase name="test3" time="0.002" classname="TestNGAnnotation.Module3"/>
</testsuite> <!-- TestNGAnnotation.Module3 -->
