<?xml version="1.0" encoding="UTF-8"?>
<!-- Generated by org.testng.reporters.JUnitReportReporter -->
<testsuite skipped="0" hostname="user-PC" name="TestNGAnnotation.Module2" tests="4" failures="0" timestamp="24 Mar 2019 11:16:19 GMT" time="0.044" errors="0">
  <testcase name="test2" time="0.028" classname="TestNGAnnotation.Module2"/>
  <testcase name="test3" time="0.003" classname="TestNGAnnotation.Module2"/>
  <testcase name="test1" time="0.004" classname="TestNGAnnotation.Module2"/>
  <testcase name="test4" time="0.009" classname="TestNGAnnotation.Module2"/>
</testsuite> <!-- TestNGAnnotation.Module2 -->
