<?xml version="1.0" encoding="UTF-8"?>
<!-- Generated by org.testng.reporters.JUnitReportReporter -->
<testsuite skipped="0" hostname="user-PC" name="LogicTesting.TestingWithXlData$Testing" tests="4" failures="0" timestamp="31 Mar 2019 10:28:41 GMT" time="75.181" errors="0">
  <testcase name="testScript" time="19.379" classname="LogicTesting.TestingWithXlData$Testing"/>
  <testcase name="testScript" time="20.352" classname="LogicTesting.TestingWithXlData$Testing"/>
  <testcase name="testScript" time="17.674" classname="LogicTesting.TestingWithXlData$Testing"/>
  <testcase name="testScript" time="17.776" classname="LogicTesting.TestingWithXlData$Testing"/>
</testsuite> <!-- LogicTesting.TestingWithXlData$Testing -->
